[debug] [2025-01-13T07:51:03.836Z] ----------------------------------------------------------------------
[debug] [2025-01-13T07:51:03.837Z] Command:       /home/francesco/.nvm/versions/node/v20.12.2/bin/node /home/francesco/.nvm/versions/node/v20.12.2/bin/firebase init
[debug] [2025-01-13T07:51:03.838Z] CLI Version:   13.29.1
[debug] [2025-01-13T07:51:03.838Z] Platform:      linux
[debug] [2025-01-13T07:51:03.838Z] Node Version:  v20.12.2
[debug] [2025-01-13T07:51:03.838Z] Time:          Mon Jan 13 2025 08:51:03 GMT+0100 (Central European Standard Time)
[debug] [2025-01-13T07:51:03.840Z] ----------------------------------------------------------------------
[debug] 
[debug] [2025-01-13T07:51:03.842Z] > command requires scopes: ["email","openid","https://www.googleapis.com/auth/cloudplatformprojects.readonly","https://www.googleapis.com/auth/firebase","https://www.googleapis.com/auth/cloud-platform"]
[debug] [2025-01-13T07:51:03.843Z] > authorizing via signed-in user (derosafrancesco429@gmail.com)
[info] 
     ######## #### ########  ######## ########     ###     ######  ########
     ##        ##  ##     ## ##       ##     ##  ##   ##  ##       ##
     ######    ##  ########  ######   ########  #########  ######  ######
     ##        ##  ##    ##  ##       ##     ## ##     ##       ## ##
     ##       #### ##     ## ######## ########  ##     ##  ######  ########

You're about to initialize a Firebase project in this directory:

  /home/francesco/Desktop/EmotionalData

[info] 
=== Project Setup
[info] 
[info] First, let's associate this project directory with a Firebase project.
[info] You can create multiple project aliases by running firebase use --add, 
[info] but for now we'll just set up a default project.
[info] 
[info] i  If you want to create a project in a Google Cloud organization or folder, please use "firebase projects:create" instead, and return to this command when you've created the project. 
[debug] [2025-01-13T07:51:24.641Z] Checked if tokens are valid: true, expires at: 1736756630831
[debug] [2025-01-13T07:51:24.642Z] Checked if tokens are valid: true, expires at: 1736756630831
[debug] [2025-01-13T07:51:24.643Z] >>> [apiv2][query] POST https://cloudresourcemanager.googleapis.com/v1/projects [none]
[debug] [2025-01-13T07:51:24.643Z] >>> [apiv2][body] POST https://cloudresourcemanager.googleapis.com/v1/projects {"projectId":"personalblog","name":"mydatablog"}
[debug] [2025-01-13T07:51:26.221Z] <<< [apiv2][status] POST https://cloudresourcemanager.googleapis.com/v1/projects 409
[debug] [2025-01-13T07:51:26.221Z] <<< [apiv2][body] POST https://cloudresourcemanager.googleapis.com/v1/projects {"error":{"code":409,"message":"Requested entity already exists","status":"ALREADY_EXISTS"}}
[debug] [2025-01-13T07:51:26.933Z] FirebaseError: Request to https://cloudresourcemanager.googleapis.com/v1/projects had HTTP Error: 409, Requested entity already exists
    at responseToError (/home/francesco/.nvm/versions/node/v20.12.2/lib/node_modules/firebase-tools/lib/responseToError.js:52:12)
    at RetryOperation._fn (/home/francesco/.nvm/versions/node/v20.12.2/lib/node_modules/firebase-tools/lib/apiv2.js:312:77)
    at process.processTicksAndRejections (node:internal/process/task_queues:95:5)
[error] 
[error] Error: Failed to create project because there is already a project with ID personalblog. Please try again with a unique project ID.
[debug] [2025-01-13T07:51:33.410Z] ----------------------------------------------------------------------
[debug] [2025-01-13T07:51:33.411Z] Command:       /home/francesco/.nvm/versions/node/v20.12.2/bin/node /home/francesco/.nvm/versions/node/v20.12.2/bin/firebase init
[debug] [2025-01-13T07:51:33.411Z] CLI Version:   13.29.1
[debug] [2025-01-13T07:51:33.411Z] Platform:      linux
[debug] [2025-01-13T07:51:33.412Z] Node Version:  v20.12.2
[debug] [2025-01-13T07:51:33.412Z] Time:          Mon Jan 13 2025 08:51:33 GMT+0100 (Central European Standard Time)
[debug] [2025-01-13T07:51:33.412Z] ----------------------------------------------------------------------
[debug] 
[debug] [2025-01-13T07:51:33.414Z] > command requires scopes: ["email","openid","https://www.googleapis.com/auth/cloudplatformprojects.readonly","https://www.googleapis.com/auth/firebase","https://www.googleapis.com/auth/cloud-platform"]
[debug] [2025-01-13T07:51:33.414Z] > authorizing via signed-in user (derosafrancesco429@gmail.com)
[info] 
     ######## #### ########  ######## ########     ###     ######  ########
     ##        ##  ##     ## ##       ##     ##  ##   ##  ##       ##
     ######    ##  ########  ######   ########  #########  ######  ######
     ##        ##  ##    ##  ##       ##     ## ##     ##       ## ##
     ##       #### ##     ## ######## ########  ##     ##  ######  ########

You're about to initialize a Firebase project in this directory:

  /home/francesco/Desktop/EmotionalData

[info] 
=== Project Setup
[info] 
[info] First, let's associate this project directory with a Firebase project.
[info] You can create multiple project aliases by running firebase use --add, 
[info] but for now we'll just set up a default project.
[info] 
[info] i  If you want to create a project in a Google Cloud organization or folder, please use "firebase projects:create" instead, and return to this command when you've created the project. 
[debug] [2025-01-13T07:51:56.457Z] Checked if tokens are valid: true, expires at: 1736756630831
[debug] [2025-01-13T07:51:56.457Z] Checked if tokens are valid: true, expires at: 1736756630831
[debug] [2025-01-13T07:51:56.458Z] >>> [apiv2][query] POST https://cloudresourcemanager.googleapis.com/v1/projects [none]
[debug] [2025-01-13T07:51:56.458Z] >>> [apiv2][body] POST https://cloudresourcemanager.googleapis.com/v1/projects {"projectId":"mydatablog","name":"personaldatablog"}
[debug] [2025-01-13T07:51:57.657Z] <<< [apiv2][status] POST https://cloudresourcemanager.googleapis.com/v1/projects 200
[debug] [2025-01-13T07:51:57.657Z] <<< [apiv2][body] POST https://cloudresourcemanager.googleapis.com/v1/projects {"name":"operations/cp.7447909127204941282"}
[debug] [2025-01-13T07:51:57.657Z] Checked if tokens are valid: true, expires at: 1736756630831
[debug] [2025-01-13T07:51:57.657Z] Checked if tokens are valid: true, expires at: 1736756630831
[debug] [2025-01-13T07:51:57.657Z] >>> [apiv2][query] GET https://cloudresourcemanager.googleapis.com/v1/operations/cp.7447909127204941282 [none]
[debug] [2025-01-13T07:51:58.680Z] <<< [apiv2][status] GET https://cloudresourcemanager.googleapis.com/v1/operations/cp.7447909127204941282 200
[debug] [2025-01-13T07:51:58.680Z] <<< [apiv2][body] GET https://cloudresourcemanager.googleapis.com/v1/operations/cp.7447909127204941282 {"name":"operations/cp.7447909127204941282"}
[debug] [2025-01-13T07:51:59.180Z] [Project Creation Poller] Retrying task index 0
[debug] [2025-01-13T07:51:59.181Z] Checked if tokens are valid: true, expires at: 1736756630831
[debug] [2025-01-13T07:51:59.182Z] Checked if tokens are valid: true, expires at: 1736756630831
[debug] [2025-01-13T07:51:59.182Z] >>> [apiv2][query] GET https://cloudresourcemanager.googleapis.com/v1/operations/cp.7447909127204941282 [none]
[debug] [2025-01-13T07:51:59.602Z] <<< [apiv2][status] GET https://cloudresourcemanager.googleapis.com/v1/operations/cp.7447909127204941282 200
[debug] [2025-01-13T07:51:59.602Z] <<< [apiv2][body] GET https://cloudresourcemanager.googleapis.com/v1/operations/cp.7447909127204941282 {"name":"operations/cp.7447909127204941282"}
[debug] [2025-01-13T07:52:00.601Z] [Project Creation Poller] Retrying task index 0
[debug] [2025-01-13T07:52:00.602Z] Checked if tokens are valid: true, expires at: 1736756630831
[debug] [2025-01-13T07:52:00.602Z] Checked if tokens are valid: true, expires at: 1736756630831
[debug] [2025-01-13T07:52:00.602Z] >>> [apiv2][query] GET https://cloudresourcemanager.googleapis.com/v1/operations/cp.7447909127204941282 [none]
[debug] [2025-01-13T07:52:00.932Z] <<< [apiv2][status] GET https://cloudresourcemanager.googleapis.com/v1/operations/cp.7447909127204941282 200
[debug] [2025-01-13T07:52:00.932Z] <<< [apiv2][body] GET https://cloudresourcemanager.googleapis.com/v1/operations/cp.7447909127204941282 {"name":"operations/cp.7447909127204941282","metadata":{"@type":"type.googleapis.com/google.cloudresourcemanager.v1.ProjectCreationStatus","gettable":true,"ready":true},"done":true,"response":{"@type":"type.googleapis.com/google.cloudresourcemanager.v1.Project","projectNumber":"226474549979","projectId":"mydatablog","lifecycleState":"ACTIVE","name":"personaldatablog","createTime":"2025-01-13T07:51:59.328275Z"}}
[debug] [2025-01-13T07:52:00.933Z] Checked if tokens are valid: true, expires at: 1736756630831
[debug] [2025-01-13T07:52:00.933Z] Checked if tokens are valid: true, expires at: 1736756630831
[debug] [2025-01-13T07:52:00.933Z] >>> [apiv2][query] POST https://firebase.googleapis.com/v1beta1/projects/mydatablog:addFirebase [none]
[debug] [2025-01-13T07:52:02.570Z] <<< [apiv2][status] POST https://firebase.googleapis.com/v1beta1/projects/mydatablog:addFirebase 403
[debug] [2025-01-13T07:52:02.570Z] <<< [apiv2][body] POST https://firebase.googleapis.com/v1beta1/projects/mydatablog:addFirebase {"error":{"code":403,"message":"The caller does not have permission","status":"PERMISSION_DENIED"}}
[debug] [2025-01-13T07:52:02.571Z] Request to https://firebase.googleapis.com/v1beta1/projects/mydatablog:addFirebase had HTTP Error: 403, The caller does not have permission
[debug] [2025-01-13T07:52:03.184Z] FirebaseError: Request to https://firebase.googleapis.com/v1beta1/projects/mydatablog:addFirebase had HTTP Error: 403, The caller does not have permission
    at responseToError (/home/francesco/.nvm/versions/node/v20.12.2/lib/node_modules/firebase-tools/lib/responseToError.js:52:12)
    at RetryOperation._fn (/home/francesco/.nvm/versions/node/v20.12.2/lib/node_modules/firebase-tools/lib/apiv2.js:312:77)
    at process.processTicksAndRejections (node:internal/process/task_queues:95:5)
[error] 
[error] Error: Failed to add Firebase to Google Cloud Platform project. See firebase-debug.log for more info.
